----------------------------------------------------------------
Mon Jun 09 17:27:51 EAT 2025:
Booting Derby version The Apache Software Foundation - Apache Derby - 10.17.1.0 - (1913217): instance a816c00e-0197-5517-2b52-000003363130 
on database directory /home/kali/Downloads/springboot-api/mydb with class loader jdk.internal.loader.ClassLoaders$AppClassLoader@76ed5528 
Loaded from file:/home/kali/.m2/repository/org/apache/derby/derby/10.17.1.0/derby-10.17.1.0.jar
java.vendor=Debian
java.runtime.version=21.0.7+6-Debian-1
user.dir=/home/kali/Downloads/springboot-api
os.name=Linux
os.arch=amd64
os.version=6.12.25-amd64
derby.system.home=null
Database Class Loader started - derby.database.classpath=''
----------------------------------------------------------------
Mon Jun 09 17:33:56 EAT 2025:
Shutting down instance a816c00e-0197-5517-2b52-000003363130 on database directory /home/kali/Downloads/springboot-api/mydb with class loader jdk.internal.loader.ClassLoaders$AppClassLoader@76ed5528 
Mon Jun 09 17:33:57 EAT 2025 Thread[#72,Thread-19,5,main] Cleanup action starting
ERROR XBM0I: Directory mydb cannot be removed.
	at org.apache.derby.shared.common.error.StandardException.newException(StandardException.java:299)
	at org.apache.derby.shared.common.error.StandardException.newException(StandardException.java:294)
	at org.apache.derby.iapi.services.monitor.Monitor.removePersistentService(Monitor.java:663)
	at org.apache.derby.impl.jdbc.EmbedConnection.removePersistentService(EmbedConnection.java:4014)
	at org.apache.derby.impl.jdbc.EmbedConnection.<init>(EmbedConnection.java:620)
	at org.apache.derby.iapi.jdbc.InternalDriver.getNewEmbedConnection(InternalDriver.java:629)
	at org.apache.derby.iapi.jdbc.InternalDriver$LoginCallable.call(InternalDriver.java:400)
	at org.apache.derby.iapi.jdbc.InternalDriver$LoginCallable.call(InternalDriver.java:376)
	at java.base/java.util.concurrent.FutureTask.run(FutureTask.java:317)
	at java.base/java.util.concurrent.ThreadPoolExecutor.runWorker(ThreadPoolExecutor.java:1144)
	at java.base/java.util.concurrent.ThreadPoolExecutor$Worker.run(ThreadPoolExecutor.java:642)
	at java.base/java.lang.Thread.run(Thread.java:1583)
Cleanup action completed
Mon Jun 09 17:33:57 EAT 2025 Thread[#72,Thread-19,5,main] Cleanup action starting
ERROR XBM0I: Directory mydb cannot be removed.
	at org.apache.derby.shared.common.error.StandardException.newException(StandardException.java:299)
	at org.apache.derby.shared.common.error.StandardException.newException(StandardException.java:294)
	at org.apache.derby.iapi.services.monitor.Monitor.removePersistentService(Monitor.java:663)
	at org.apache.derby.impl.jdbc.EmbedConnection.removePersistentService(EmbedConnection.java:4014)
	at org.apache.derby.impl.jdbc.EmbedConnection.<init>(EmbedConnection.java:620)
	at org.apache.derby.iapi.jdbc.InternalDriver.getNewEmbedConnection(InternalDriver.java:629)
	at org.apache.derby.iapi.jdbc.InternalDriver$LoginCallable.call(InternalDriver.java:400)
	at org.apache.derby.iapi.jdbc.InternalDriver$LoginCallable.call(InternalDriver.java:376)
	at java.base/java.util.concurrent.FutureTask.run(FutureTask.java:317)
	at java.base/java.util.concurrent.ThreadPoolExecutor.runWorker(ThreadPoolExecutor.java:1144)
	at java.base/java.util.concurrent.ThreadPoolExecutor$Worker.run(ThreadPoolExecutor.java:642)
	at java.base/java.lang.Thread.run(Thread.java:1583)
Cleanup action completed
----------------------------------------------------------------
Mon Jun 09 17:33:58 EAT 2025:
Booting Derby version The Apache Software Foundation - Apache Derby - 10.17.1.0 - (1913217): instance e5214067-0197-5517-2b52-000003363130 
on database directory /home/kali/Downloads/springboot-api/mydb with class loader jdk.internal.loader.ClassLoaders$AppClassLoader@76ed5528 
Loaded from file:/home/kali/.m2/repository/org/apache/derby/derby/10.17.1.0/derby-10.17.1.0.jar
java.vendor=Debian
java.runtime.version=21.0.7+6-Debian-1
user.dir=/home/kali/Downloads/springboot-api
os.name=Linux
os.arch=amd64
os.version=6.12.25-amd64
derby.system.home=null
Database Class Loader started - derby.database.classpath=''
----------------------------------------------------------------
Mon Jun 09 17:34:01 EAT 2025:
Shutting down instance e5214067-0197-5517-2b52-000003363130 on database directory /home/kali/Downloads/springboot-api/mydb with class loader jdk.internal.loader.ClassLoaders$AppClassLoader@76ed5528 
Mon Jun 09 17:34:01 EAT 2025 Thread[#107,Thread-34,5,main] Cleanup action starting
ERROR XBM0I: Directory mydb cannot be removed.
	at org.apache.derby.shared.common.error.StandardException.newException(StandardException.java:299)
	at org.apache.derby.shared.common.error.StandardException.newException(StandardException.java:294)
	at org.apache.derby.iapi.services.monitor.Monitor.removePersistentService(Monitor.java:663)
	at org.apache.derby.impl.jdbc.EmbedConnection.removePersistentService(EmbedConnection.java:4014)
	at org.apache.derby.impl.jdbc.EmbedConnection.<init>(EmbedConnection.java:620)
	at org.apache.derby.iapi.jdbc.InternalDriver.getNewEmbedConnection(InternalDriver.java:629)
	at org.apache.derby.iapi.jdbc.InternalDriver$LoginCallable.call(InternalDriver.java:400)
	at org.apache.derby.iapi.jdbc.InternalDriver$LoginCallable.call(InternalDriver.java:376)
	at java.base/java.util.concurrent.FutureTask.run(FutureTask.java:317)
	at java.base/java.util.concurrent.ThreadPoolExecutor.runWorker(ThreadPoolExecutor.java:1144)
	at java.base/java.util.concurrent.ThreadPoolExecutor$Worker.run(ThreadPoolExecutor.java:642)
	at java.base/java.lang.Thread.run(Thread.java:1583)
Cleanup action completed
Mon Jun 09 17:34:01 EAT 2025 Thread[#107,Thread-34,5,main] Cleanup action starting
ERROR XBM0I: Directory mydb cannot be removed.
	at org.apache.derby.shared.common.error.StandardException.newException(StandardException.java:299)
	at org.apache.derby.shared.common.error.StandardException.newException(StandardException.java:294)
	at org.apache.derby.iapi.services.monitor.Monitor.removePersistentService(Monitor.java:663)
	at org.apache.derby.impl.jdbc.EmbedConnection.removePersistentService(EmbedConnection.java:4014)
	at org.apache.derby.impl.jdbc.EmbedConnection.<init>(EmbedConnection.java:620)
	at org.apache.derby.iapi.jdbc.InternalDriver.getNewEmbedConnection(InternalDriver.java:629)
	at org.apache.derby.iapi.jdbc.InternalDriver$LoginCallable.call(InternalDriver.java:400)
	at org.apache.derby.iapi.jdbc.InternalDriver$LoginCallable.call(InternalDriver.java:376)
	at java.base/java.util.concurrent.FutureTask.run(FutureTask.java:317)
	at java.base/java.util.concurrent.ThreadPoolExecutor.runWorker(ThreadPoolExecutor.java:1144)
	at java.base/java.util.concurrent.ThreadPoolExecutor$Worker.run(ThreadPoolExecutor.java:642)
	at java.base/java.lang.Thread.run(Thread.java:1583)
Cleanup action completed
----------------------------------------------------------------
Mon Jun 09 17:34:02 EAT 2025:
Booting Derby version The Apache Software Foundation - Apache Derby - 10.17.1.0 - (1913217): instance 109f00b9-0197-5517-2b52-000003363130 
on database directory /home/kali/Downloads/springboot-api/mydb with class loader jdk.internal.loader.ClassLoaders$AppClassLoader@76ed5528 
Loaded from file:/home/kali/.m2/repository/org/apache/derby/derby/10.17.1.0/derby-10.17.1.0.jar
java.vendor=Debian
java.runtime.version=21.0.7+6-Debian-1
user.dir=/home/kali/Downloads/springboot-api
os.name=Linux
os.arch=amd64
os.version=6.12.25-amd64
derby.system.home=null
Database Class Loader started - derby.database.classpath=''

------------  Begin Shutdown Error Stack -------------

ERROR XSLAQ: Cannot create log file at directory /home/kali/Downloads/springboot-api/mydb/log.
	at org.apache.derby.shared.common.error.StandardException.newException(StandardException.java:299)
	at org.apache.derby.shared.common.error.StandardException.newException(StandardException.java:294)
	at org.apache.derby.impl.store.raw.log.LogToFile.getLogDirectory(LogToFile.java:2784)
	at org.apache.derby.impl.store.raw.log.LogToFile.getControlFileName(LogToFile.java:2817)
	at org.apache.derby.impl.store.raw.log.LogToFile.checkpointWithTran(LogToFile.java:1752)
	at org.apache.derby.impl.store.raw.log.LogToFile.checkpoint(LogToFile.java:1505)
	at org.apache.derby.impl.store.raw.RawStore.stop(RawStore.java:364)
	at org.apache.derby.impl.services.monitor.TopService.stop(TopService.java:443)
	at org.apache.derby.impl.services.monitor.TopService.shutdown(TopService.java:394)
	at org.apache.derby.impl.services.monitor.BaseMonitor.shutdown(BaseMonitor.java:219)
	at org.apache.derby.impl.services.monitor.FileMonitor.shutdown(FileMonitor.java:45)
	at org.apache.derby.impl.db.DatabaseContextImpl.cleanupOnError(DatabaseContextImpl.java:77)
	at org.apache.derby.iapi.services.context.ContextManager.cleanupOnError(ContextManager.java:348)
	at org.apache.derby.impl.jdbc.TransactionResourceImpl.cleanupOnError(TransactionResourceImpl.java:469)
	at org.apache.derby.impl.jdbc.TransactionResourceImpl.handleException(TransactionResourceImpl.java:351)
	at org.apache.derby.impl.jdbc.EmbedConnection.handleException(EmbedConnection.java:2400)
	at org.apache.derby.impl.jdbc.EmbedConnection.<init>(EmbedConnection.java:614)
	at org.apache.derby.iapi.jdbc.InternalDriver.getNewEmbedConnection(InternalDriver.java:629)
	at org.apache.derby.iapi.jdbc.InternalDriver$LoginCallable.call(InternalDriver.java:400)
	at org.apache.derby.iapi.jdbc.InternalDriver$LoginCallable.call(InternalDriver.java:376)
	at java.base/java.util.concurrent.FutureTask.run(FutureTask.java:317)
	at java.base/java.util.concurrent.ThreadPoolExecutor.runWorker(ThreadPoolExecutor.java:1144)
	at java.base/java.util.concurrent.ThreadPoolExecutor$Worker.run(ThreadPoolExecutor.java:642)
	at java.base/java.lang.Thread.run(Thread.java:1583)


------------  End Shutdown Error Stack -------------


------------  Begin Shutdown Error Stack -------------

ERROR XSLAQ: Cannot create log file at directory /home/kali/Downloads/springboot-api/mydb/log.
	at org.apache.derby.shared.common.error.StandardException.newException(StandardException.java:299)
	at org.apache.derby.shared.common.error.StandardException.newException(StandardException.java:294)
	at org.apache.derby.impl.store.raw.log.LogToFile.getLogDirectory(LogToFile.java:2784)
	at org.apache.derby.impl.store.raw.log.LogToFile.getControlFileName(LogToFile.java:2817)
	at org.apache.derby.impl.store.raw.log.LogToFile.checkpointWithTran(LogToFile.java:1752)
	at org.apache.derby.impl.store.raw.log.LogToFile.checkpoint(LogToFile.java:1505)
	at org.apache.derby.impl.store.raw.RawStore.stop(RawStore.java:364)
	at org.apache.derby.impl.services.monitor.TopService.stop(TopService.java:443)
	at org.apache.derby.impl.services.monitor.TopService.shutdown(TopService.java:394)
	at org.apache.derby.impl.services.monitor.BaseMonitor.shutdown(BaseMonitor.java:219)
	at org.apache.derby.impl.services.monitor.FileMonitor.shutdown(FileMonitor.java:45)
	at org.apache.derby.impl.db.DatabaseContextImpl.cleanupOnError(DatabaseContextImpl.java:77)
	at org.apache.derby.iapi.services.context.ContextManager.cleanupOnError(ContextManager.java:348)
	at org.apache.derby.impl.jdbc.TransactionResourceImpl.cleanupOnError(TransactionResourceImpl.java:469)
	at org.apache.derby.impl.jdbc.TransactionResourceImpl.handleException(TransactionResourceImpl.java:351)
	at org.apache.derby.impl.jdbc.EmbedConnection.handleException(EmbedConnection.java:2400)
	at org.apache.derby.impl.jdbc.EmbedConnection.<init>(EmbedConnection.java:614)
	at org.apache.derby.iapi.jdbc.InternalDriver.getNewEmbedConnection(InternalDriver.java:629)
	at org.apache.derby.iapi.jdbc.InternalDriver$LoginCallable.call(InternalDriver.java:400)
	at org.apache.derby.iapi.jdbc.InternalDriver$LoginCallable.call(InternalDriver.java:376)
	at java.base/java.util.concurrent.FutureTask.run(FutureTask.java:317)
	at java.base/java.util.concurrent.ThreadPoolExecutor.runWorker(ThreadPoolExecutor.java:1144)
	at java.base/java.util.concurrent.ThreadPoolExecutor$Worker.run(ThreadPoolExecutor.java:642)
	at java.base/java.lang.Thread.run(Thread.java:1583)


------------  End Shutdown Error Stack -------------


------------  Begin Shutdown Error Stack -------------

ERROR XSLAQ: Cannot create log file at directory /home/kali/Downloads/springboot-api/mydb/log.
	at org.apache.derby.shared.common.error.StandardException.newException(StandardException.java:299)
	at org.apache.derby.shared.common.error.StandardException.newException(StandardException.java:294)
	at org.apache.derby.impl.store.raw.log.LogToFile.getLogDirectory(LogToFile.java:2784)
	at org.apache.derby.impl.store.raw.log.LogToFile.getControlFileName(LogToFile.java:2817)
	at org.apache.derby.impl.store.raw.log.LogToFile.checkpointWithTran(LogToFile.java:1752)
	at org.apache.derby.impl.store.raw.log.LogToFile.checkpoint(LogToFile.java:1505)
	at org.apache.derby.impl.store.raw.RawStore.stop(RawStore.java:364)
	at org.apache.derby.impl.services.monitor.TopService.stop(TopService.java:443)
	at org.apache.derby.impl.services.monitor.TopService.shutdown(TopService.java:394)
	at org.apache.derby.impl.services.monitor.BaseMonitor.shutdown(BaseMonitor.java:219)
	at org.apache.derby.impl.services.monitor.FileMonitor.shutdown(FileMonitor.java:45)
	at org.apache.derby.impl.db.DatabaseContextImpl.cleanupOnError(DatabaseContextImpl.java:77)
	at org.apache.derby.iapi.services.context.ContextManager.cleanupOnError(ContextManager.java:348)
	at org.apache.derby.impl.jdbc.TransactionResourceImpl.cleanupOnError(TransactionResourceImpl.java:469)
	at org.apache.derby.impl.jdbc.TransactionResourceImpl.handleException(TransactionResourceImpl.java:351)
	at org.apache.derby.impl.jdbc.EmbedConnection.handleException(EmbedConnection.java:2400)
	at org.apache.derby.impl.jdbc.EmbedConnection.<init>(EmbedConnection.java:614)
	at org.apache.derby.iapi.jdbc.InternalDriver.getNewEmbedConnection(InternalDriver.java:629)
	at org.apache.derby.iapi.jdbc.InternalDriver$LoginCallable.call(InternalDriver.java:400)
	at org.apache.derby.iapi.jdbc.InternalDriver$LoginCallable.call(InternalDriver.java:376)
	at java.base/java.util.concurrent.FutureTask.run(FutureTask.java:317)
	at java.base/java.util.concurrent.ThreadPoolExecutor.runWorker(ThreadPoolExecutor.java:1144)
	at java.base/java.util.concurrent.ThreadPoolExecutor$Worker.run(ThreadPoolExecutor.java:642)
	at java.base/java.lang.Thread.run(Thread.java:1583)


------------  End Shutdown Error Stack -------------

----------------------------------------------------------------
Mon Jun 09 17:34:17 EAT 2025:
Shutting down instance 109f00b9-0197-5517-2b52-000003363130 on database directory /home/kali/Downloads/springboot-api/mydb with class loader jdk.internal.loader.ClassLoaders$AppClassLoader@76ed5528 
Mon Jun 09 17:34:17 EAT 2025 Thread[#142,Thread-49,5,main] Cleanup action starting
ERROR XBM0I: Directory mydb cannot be removed.
	at org.apache.derby.shared.common.error.StandardException.newException(StandardException.java:299)
	at org.apache.derby.shared.common.error.StandardException.newException(StandardException.java:294)
	at org.apache.derby.iapi.services.monitor.Monitor.removePersistentService(Monitor.java:663)
	at org.apache.derby.impl.jdbc.EmbedConnection.removePersistentService(EmbedConnection.java:4014)
	at org.apache.derby.impl.jdbc.EmbedConnection.<init>(EmbedConnection.java:620)
	at org.apache.derby.iapi.jdbc.InternalDriver.getNewEmbedConnection(InternalDriver.java:629)
	at org.apache.derby.iapi.jdbc.InternalDriver$LoginCallable.call(InternalDriver.java:400)
	at org.apache.derby.iapi.jdbc.InternalDriver$LoginCallable.call(InternalDriver.java:376)
	at java.base/java.util.concurrent.FutureTask.run(FutureTask.java:317)
	at java.base/java.util.concurrent.ThreadPoolExecutor.runWorker(ThreadPoolExecutor.java:1144)
	at java.base/java.util.concurrent.ThreadPoolExecutor$Worker.run(ThreadPoolExecutor.java:642)
	at java.base/java.lang.Thread.run(Thread.java:1583)
Cleanup action completed
Mon Jun 09 17:34:17 EAT 2025 Thread[#142,Thread-49,5,main] Cleanup action starting
ERROR XBM0I: Directory mydb cannot be removed.
	at org.apache.derby.shared.common.error.StandardException.newException(StandardException.java:299)
	at org.apache.derby.shared.common.error.StandardException.newException(StandardException.java:294)
	at org.apache.derby.iapi.services.monitor.Monitor.removePersistentService(Monitor.java:663)
	at org.apache.derby.impl.jdbc.EmbedConnection.removePersistentService(EmbedConnection.java:4014)
	at org.apache.derby.impl.jdbc.EmbedConnection.<init>(EmbedConnection.java:620)
	at org.apache.derby.iapi.jdbc.InternalDriver.getNewEmbedConnection(InternalDriver.java:629)
	at org.apache.derby.iapi.jdbc.InternalDriver$LoginCallable.call(InternalDriver.java:400)
	at org.apache.derby.iapi.jdbc.InternalDriver$LoginCallable.call(InternalDriver.java:376)
	at java.base/java.util.concurrent.FutureTask.run(FutureTask.java:317)
	at java.base/java.util.concurrent.ThreadPoolExecutor.runWorker(ThreadPoolExecutor.java:1144)
	at java.base/java.util.concurrent.ThreadPoolExecutor$Worker.run(ThreadPoolExecutor.java:642)
	at java.base/java.lang.Thread.run(Thread.java:1583)
Cleanup action completed
----------------------------------------------------------------
Mon Jun 09 17:34:18 EAT 2025:
Booting Derby version The Apache Software Foundation - Apache Derby - 10.17.1.0 - (1913217): instance 42adc10b-0197-5517-2b52-000003363130 
on database directory /home/kali/Downloads/springboot-api/mydb with class loader jdk.internal.loader.ClassLoaders$AppClassLoader@76ed5528 
Loaded from file:/home/kali/.m2/repository/org/apache/derby/derby/10.17.1.0/derby-10.17.1.0.jar
java.vendor=Debian
java.runtime.version=21.0.7+6-Debian-1
user.dir=/home/kali/Downloads/springboot-api
os.name=Linux
os.arch=amd64
os.version=6.12.25-amd64
derby.system.home=null
Database Class Loader started - derby.database.classpath=''
----------------------------------------------------------------
Mon Jun 09 17:36:21 EAT 2025:
Shutting down instance 42adc10b-0197-5517-2b52-000003363130 on database directory /home/kali/Downloads/springboot-api/mydb with class loader jdk.internal.loader.ClassLoaders$AppClassLoader@76ed5528 
Mon Jun 09 17:36:21 EAT 2025 Thread[#177,Thread-64,5,main] Cleanup action starting
ERROR XBM0I: Directory mydb cannot be removed.
	at org.apache.derby.shared.common.error.StandardException.newException(StandardException.java:299)
	at org.apache.derby.shared.common.error.StandardException.newException(StandardException.java:294)
	at org.apache.derby.iapi.services.monitor.Monitor.removePersistentService(Monitor.java:663)
	at org.apache.derby.impl.jdbc.EmbedConnection.removePersistentService(EmbedConnection.java:4014)
	at org.apache.derby.impl.jdbc.EmbedConnection.<init>(EmbedConnection.java:620)
	at org.apache.derby.iapi.jdbc.InternalDriver.getNewEmbedConnection(InternalDriver.java:629)
	at org.apache.derby.iapi.jdbc.InternalDriver$LoginCallable.call(InternalDriver.java:400)
	at org.apache.derby.iapi.jdbc.InternalDriver$LoginCallable.call(InternalDriver.java:376)
	at java.base/java.util.concurrent.FutureTask.run(FutureTask.java:317)
	at java.base/java.util.concurrent.ThreadPoolExecutor.runWorker(ThreadPoolExecutor.java:1144)
	at java.base/java.util.concurrent.ThreadPoolExecutor$Worker.run(ThreadPoolExecutor.java:642)
	at java.base/java.lang.Thread.run(Thread.java:1583)
Cleanup action completed
Mon Jun 09 17:36:21 EAT 2025 Thread[#177,Thread-64,5,main] Cleanup action starting
ERROR XBM0I: Directory mydb cannot be removed.
	at org.apache.derby.shared.common.error.StandardException.newException(StandardException.java:299)
	at org.apache.derby.shared.common.error.StandardException.newException(StandardException.java:294)
	at org.apache.derby.iapi.services.monitor.Monitor.removePersistentService(Monitor.java:663)
	at org.apache.derby.impl.jdbc.EmbedConnection.removePersistentService(EmbedConnection.java:4014)
	at org.apache.derby.impl.jdbc.EmbedConnection.<init>(EmbedConnection.java:620)
	at org.apache.derby.iapi.jdbc.InternalDriver.getNewEmbedConnection(InternalDriver.java:629)
	at org.apache.derby.iapi.jdbc.InternalDriver$LoginCallable.call(InternalDriver.java:400)
	at org.apache.derby.iapi.jdbc.InternalDriver$LoginCallable.call(InternalDriver.java:376)
	at java.base/java.util.concurrent.FutureTask.run(FutureTask.java:317)
	at java.base/java.util.concurrent.ThreadPoolExecutor.runWorker(ThreadPoolExecutor.java:1144)
	at java.base/java.util.concurrent.ThreadPoolExecutor$Worker.run(ThreadPoolExecutor.java:642)
	at java.base/java.lang.Thread.run(Thread.java:1583)
Cleanup action completed
----------------------------------------------------------------
Mon Jun 09 17:36:22 EAT 2025:
Booting Derby version The Apache Software Foundation - Apache Derby - 10.17.1.0 - (1913217): instance 0e44836c-0197-5517-2b52-000003363130 
on database directory /home/kali/Downloads/springboot-api/mydb with class loader jdk.internal.loader.ClassLoaders$AppClassLoader@76ed5528 
Loaded from file:/home/kali/.m2/repository/org/apache/derby/derby/10.17.1.0/derby-10.17.1.0.jar
java.vendor=Debian
java.runtime.version=21.0.7+6-Debian-1
user.dir=/home/kali/Downloads/springboot-api
os.name=Linux
os.arch=amd64
os.version=6.12.25-amd64
derby.system.home=null
Database Class Loader started - derby.database.classpath=''
----------------------------------------------------------------
Mon Jun 09 17:40:31 EAT 2025:
Shutting down instance 0e44836c-0197-5517-2b52-000003363130 on database directory /home/kali/Downloads/springboot-api/mydb with class loader jdk.internal.loader.ClassLoaders$AppClassLoader@76ed5528 
Mon Jun 09 17:40:32 EAT 2025 Thread[#212,Thread-79,5,main] Cleanup action starting
ERROR XBM0I: Directory mydb cannot be removed.
	at org.apache.derby.shared.common.error.StandardException.newException(StandardException.java:299)
	at org.apache.derby.shared.common.error.StandardException.newException(StandardException.java:294)
	at org.apache.derby.iapi.services.monitor.Monitor.removePersistentService(Monitor.java:663)
	at org.apache.derby.impl.jdbc.EmbedConnection.removePersistentService(EmbedConnection.java:4014)
	at org.apache.derby.impl.jdbc.EmbedConnection.<init>(EmbedConnection.java:620)
	at org.apache.derby.iapi.jdbc.InternalDriver.getNewEmbedConnection(InternalDriver.java:629)
	at org.apache.derby.iapi.jdbc.InternalDriver$LoginCallable.call(InternalDriver.java:400)
	at org.apache.derby.iapi.jdbc.InternalDriver$LoginCallable.call(InternalDriver.java:376)
	at java.base/java.util.concurrent.FutureTask.run(FutureTask.java:317)
	at java.base/java.util.concurrent.ThreadPoolExecutor.runWorker(ThreadPoolExecutor.java:1144)
	at java.base/java.util.concurrent.ThreadPoolExecutor$Worker.run(ThreadPoolExecutor.java:642)
	at java.base/java.lang.Thread.run(Thread.java:1583)
Cleanup action completed
Mon Jun 09 17:40:32 EAT 2025 Thread[#212,Thread-79,5,main] Cleanup action starting
ERROR XBM0I: Directory mydb cannot be removed.
	at org.apache.derby.shared.common.error.StandardException.newException(StandardException.java:299)
	at org.apache.derby.shared.common.error.StandardException.newException(StandardException.java:294)
	at org.apache.derby.iapi.services.monitor.Monitor.removePersistentService(Monitor.java:663)
	at org.apache.derby.impl.jdbc.EmbedConnection.removePersistentService(EmbedConnection.java:4014)
	at org.apache.derby.impl.jdbc.EmbedConnection.<init>(EmbedConnection.java:620)
	at org.apache.derby.iapi.jdbc.InternalDriver.getNewEmbedConnection(InternalDriver.java:629)
	at org.apache.derby.iapi.jdbc.InternalDriver$LoginCallable.call(InternalDriver.java:400)
	at org.apache.derby.iapi.jdbc.InternalDriver$LoginCallable.call(InternalDriver.java:376)
	at java.base/java.util.concurrent.FutureTask.run(FutureTask.java:317)
	at java.base/java.util.concurrent.ThreadPoolExecutor.runWorker(ThreadPoolExecutor.java:1144)
	at java.base/java.util.concurrent.ThreadPoolExecutor$Worker.run(ThreadPoolExecutor.java:642)
	at java.base/java.lang.Thread.run(Thread.java:1583)
Cleanup action completed
